2025-11-12 00:05:04 - root - INFO - ═════════════════════════════════════════════════════════════════════════
2025-11-12 00:05:04 - root - INFO - Início do Processamento :: EXTRACAO DIARIA
2025-11-12 00:08:11 - root - INFO - POSITION_FILES executado
2025-11-12 00:11:09 - root - INFO - ENGGDS_SKU_MAIN executado
2025-11-12 00:12:25 - root - INFO - ENGGDS_WERKISH_MAIN executado
2025-11-12 00:38:10 - root - INFO - ENGGDS_CUSTOS_MAIN  executado
2025-11-12 00:44:49 - root - INFO - ENGGDS_FATURAMENTO_MAIN executado
2025-11-12 01:05:45 - root - INFO - ENGGDS_BOM_MAIN  executado
2025-11-12 01:13:19 - root - INFO - ENGGDS_COMPRAS_MAIN  executado
2025-11-12 01:28:13 - root - INFO - ENGGDS_ESTOQUE_MAIN executado
2025-11-12 01:28:13 - root - INFO - ENGDDS_COCKPIT_MAIN não executado
2025-11-12 01:28:14 - root - INFO - Final do Processamento :: EXTRACAO DIARIA
2025-11-12 01:28:14 - root - INFO - ═════════════════════════════════════════════════════════════════════════
2025-11-12 08:15:03 - root - INFO - Agendamento de extrações :: Hourly Update
2025-11-12 08:15:03 - root - INFO - Faturamento Atualizado!
2025-11-12 08:15:03 - root - INFO - Aguardando execução dos próximos jobs...
2025-11-12 10:16:56 - root - INFO - ENGDDS_FATURAMENTO_HOURLY_MAIN executado
2025-11-12 10:20:00 - root - INFO - Agendamento de extrações :: Hourly Update
2025-11-12 10:20:00 - root - INFO - Faturamento Atualizado!
2025-11-12 10:20:00 - root - INFO - Aguardando execução dos próximos jobs...
2025-11-12 10:41:48 - root - INFO - ENGDDS_TEXT_INFO_MAIN executado
2025-11-13 00:05:01 - root - INFO - ═════════════════════════════════════════════════════════════════════════
2025-11-13 00:05:01 - root - INFO - Início do Processamento :: EXTRACAO DIARIA
2025-11-13 00:08:27 - root - INFO - POSITION_FILES executado
2025-11-13 00:11:24 - root - INFO - ENGGDS_SKU_MAIN executado
2025-11-13 00:12:41 - root - INFO - ENGGDS_WERKISH_MAIN executado
2025-11-13 00:38:21 - root - INFO - ENGGDS_CUSTOS_MAIN  executado
2025-11-13 00:45:06 - root - INFO - ENGGDS_FATURAMENTO_MAIN executado
2025-11-13 01:08:31 - root - INFO - ENGGDS_BOM_MAIN  executado
2025-11-13 01:16:14 - root - INFO - ENGGDS_COMPRAS_MAIN  executado
2025-11-13 01:30:28 - root - INFO - ENGGDS_ESTOQUE_MAIN executado
2025-11-13 01:30:28 - root - INFO - ENGDDS_COCKPIT_MAIN não executado
2025-11-13 01:30:28 - root - INFO - Final do Processamento :: EXTRACAO DIARIA
2025-11-13 01:30:28 - root - INFO - ═════════════════════════════════════════════════════════════════════════
2025-11-14 00:05:03 - root - INFO - ═════════════════════════════════════════════════════════════════════════
2025-11-14 00:05:03 - root - INFO - Início do Processamento :: EXTRACAO DIARIA
2025-11-14 00:08:19 - root - INFO - POSITION_FILES executado
2025-11-14 00:11:11 - root - INFO - ENGGDS_SKU_MAIN executado
2025-11-14 00:12:27 - root - INFO - ENGGDS_WERKISH_MAIN executado
2025-11-14 00:37:43 - root - INFO - ENGGDS_CUSTOS_MAIN  executado
2025-11-14 00:44:50 - root - INFO - ENGGDS_FATURAMENTO_MAIN executado
2025-11-14 01:06:31 - root - INFO - ENGGDS_BOM_MAIN  executado
2025-11-14 01:14:12 - root - INFO - ENGGDS_COMPRAS_MAIN  executado
2025-11-14 01:28:41 - root - INFO - ENGGDS_ESTOQUE_MAIN executado
2025-11-14 01:28:41 - root - INFO - ENGDDS_COCKPIT_MAIN não executado
2025-11-14 01:28:44 - root - INFO - Final do Processamento :: EXTRACAO DIARIA
2025-11-14 01:28:44 - root - INFO - ═════════════════════════════════════════════════════════════════════════
2025-11-14 10:00:00 - root - INFO - Agendamento de extrações :: Hourly Update
2025-11-14 10:00:00 - root - INFO - Faturamento Atualizado!
2025-11-14 10:00:00 - root - INFO - Aguardando execução dos próximos jobs...
2025-11-14 10:45:02 - root - INFO - Agendamento de extrações :: Hourly Update
2025-11-14 10:45:02 - root - INFO - Faturamento Atualizado!
2025-11-14 10:45:02 - root - INFO - Aguardando execução dos próximos jobs...
2025-11-14 10:45:02 - root - INFO - Textos da Ordem de Compra atualizado!
2025-11-14 10:45:02 - root - INFO - Aguardando execução dos próximos jobs...
2025-11-14 10:57:02 - root - INFO - Agendamento de extrações :: Hourly Update
2025-11-14 10:57:02 - root - INFO - Faturamento Atualizado!
2025-11-14 10:57:02 - root - INFO - Aguardando execução dos próximos jobs...
2025-11-14 10:57:02 - root - INFO - Textos da Ordem de Compra atualizado!
2025-11-14 10:57:02 - root - INFO - Aguardando execução dos próximos jobs...
2025-11-14 11:08:51 - root - INFO - ENGDDS_FATURAMENTO_HOURLY_MAIN executado
2025-11-14 11:29:37 - root - INFO - ENGDDS_TEXT_INFO_MAIN executado
2025-11-14 11:31:35 - root - INFO - ENGDDS_FATURAMENTO_HOURLY_MAIN executado
2025-11-14 11:43:14 - root - INFO - ENGDDS_TEXT_INFO_MAIN não executado
2025-11-14 11:43:36 - root - ERROR - ENGDDS_FATURAMENTO_HOURLY_MAIN não executado
2025-11-15 00:05:07 - root - INFO - ═════════════════════════════════════════════════════════════════════════
2025-11-15 00:05:07 - root - INFO - Início do Processamento :: EXTRACAO DIARIA
2025-11-15 00:08:32 - root - INFO - POSITION_FILES executado
2025-11-15 00:11:28 - root - INFO - ENGGDS_SKU_MAIN executado
2025-11-15 00:12:42 - root - INFO - ENGGDS_WERKISH_MAIN executado
2025-11-15 00:38:21 - root - INFO - ENGGDS_CUSTOS_MAIN  executado
2025-11-15 00:45:12 - root - INFO - ENGGDS_FATURAMENTO_MAIN executado
2025-11-15 01:05:53 - root - INFO - ENGGDS_BOM_MAIN  executado
2025-11-15 01:13:38 - root - INFO - ENGGDS_COMPRAS_MAIN  executado
2025-11-15 01:28:25 - root - INFO - ENGGDS_ESTOQUE_MAIN executado
2025-11-15 01:28:25 - root - INFO - ENGDDS_COCKPIT_MAIN não executado
2025-11-15 01:28:26 - root - INFO - Final do Processamento :: EXTRACAO DIARIA
2025-11-15 01:28:26 - root - INFO - ═════════════════════════════════════════════════════════════════════════
2025-11-15 08:00:03 - root - INFO - Agendamento de extrações :: Hourly Update
2025-11-15 08:00:03 - root - INFO - Faturamento Atualizado!
2025-11-15 08:00:03 - root - INFO - Aguardando execução dos próximos jobs...
2025-11-15 08:00:03 - root - INFO - Textos da Ordem de Compra atualizado!
2025-11-15 08:00:03 - root - INFO - Aguardando execução dos próximos jobs...
2025-11-15 09:01:50 - root - INFO - ENGDDS_FATURAMENTO_HOURLY_MAIN executado
2025-11-15 09:22:44 - root - INFO - ENGDDS_TEXT_INFO_MAIN executado
2025-11-15 10:03:41 - root - INFO - ENGDDS_FATURAMENTO_HOURLY_MAIN executado
2025-11-15 10:43:37 - root - INFO - ENGDDS_TEXT_INFO_MAIN executado
2025-11-15 11:05:34 - root - INFO - ENGDDS_FATURAMENTO_HOURLY_MAIN executado
2025-11-15 12:04:32 - root - INFO - ENGDDS_TEXT_INFO_MAIN executado
2025-11-15 12:07:28 - root - INFO - ENGDDS_FATURAMENTO_HOURLY_MAIN executado
2025-11-15 13:25:22 - root - INFO - ENGDDS_TEXT_INFO_MAIN executado
2025-11-15 13:27:15 - root - INFO - ENGDDS_FATURAMENTO_HOURLY_MAIN executado
2025-11-15 14:46:19 - root - INFO - ENGDDS_TEXT_INFO_MAIN executado
2025-11-15 14:48:18 - root - INFO - ENGDDS_FATURAMENTO_HOURLY_MAIN executado
2025-11-15 16:06:59 - root - INFO - ENGDDS_TEXT_INFO_MAIN executado
2025-11-15 16:08:55 - root - INFO - ENGDDS_FATURAMENTO_HOURLY_MAIN executado
2025-11-15 17:27:59 - root - INFO - ENGDDS_TEXT_INFO_MAIN executado
2025-11-15 17:30:00 - root - INFO - ENGDDS_FATURAMENTO_HOURLY_MAIN executado
2025-11-15 18:48:55 - root - INFO - ENGDDS_TEXT_INFO_MAIN executado
2025-11-15 18:50:53 - root - INFO - ENGDDS_FATURAMENTO_HOURLY_MAIN executado
2025-11-15 20:10:00 - root - INFO - ENGDDS_TEXT_INFO_MAIN executado
2025-11-16 00:05:00 - root - INFO - ═════════════════════════════════════════════════════════════════════════
2025-11-16 00:05:00 - root - INFO - Início do Processamento :: EXTRACAO DIARIA
2025-11-17 00:05:08 - root - INFO - ═════════════════════════════════════════════════════════════════════════
2025-11-17 00:05:08 - root - INFO - Início do Processamento :: EXTRACAO DIARIA
2025-11-17 00:08:31 - root - INFO - POSITION_FILES executado
2025-11-17 00:11:21 - root - INFO - ENGGDS_SKU_MAIN executado
2025-11-17 00:12:38 - root - INFO - ENGGDS_WERKISH_MAIN executado
2025-11-17 00:38:27 - root - INFO - ENGGDS_CUSTOS_MAIN  executado
2025-11-17 00:45:01 - root - INFO - ENGGDS_FATURAMENTO_MAIN executado
2025-11-17 01:06:01 - root - INFO - ENGGDS_BOM_MAIN  executado
2025-11-17 01:13:39 - root - INFO - ENGGDS_COMPRAS_MAIN  executado
2025-11-17 01:28:15 - root - INFO - ENGGDS_ESTOQUE_MAIN executado
2025-11-17 01:28:15 - root - INFO - ENGDDS_COCKPIT_MAIN não executado
2025-11-17 01:28:16 - root - INFO - Final do Processamento :: EXTRACAO DIARIA
2025-11-17 01:28:16 - root - INFO - ═════════════════════════════════════════════════════════════════════════
2025-11-17 08:00:02 - root - INFO - Agendamento de extrações :: Hourly Update
2025-11-17 08:00:02 - root - INFO - Faturamento Atualizado!
2025-11-17 08:00:02 - root - INFO - Aguardando execução dos próximos jobs...
2025-11-17 08:00:02 - root - INFO - Textos da Ordem de Compra atualizado!
2025-11-17 08:00:02 - root - INFO - Aguardando execução dos próximos jobs...
2025-11-17 09:01:47 - root - INFO - ENGDDS_FATURAMENTO_HOURLY_MAIN executado
2025-11-17 09:24:20 - root - INFO - ENGDDS_TEXT_INFO_MAIN executado
2025-11-17 10:03:24 - root - INFO - ENGDDS_FATURAMENTO_HOURLY_MAIN executado
2025-11-17 10:45:37 - root - INFO - ENGDDS_TEXT_INFO_MAIN executado
2025-11-17 11:05:04 - root - INFO - ENGDDS_FATURAMENTO_HOURLY_MAIN executado
2025-11-17 12:05:24 - root - INFO - ENGDDS_TEXT_INFO_MAIN não executado
2025-11-17 12:05:47 - root - ERROR - ENGDDS_FATURAMENTO_HOURLY_MAIN não executado
2025-11-17 13:26:38 - root - INFO - ENGDDS_TEXT_INFO_MAIN executado
2025-11-17 13:28:19 - root - INFO - ENGDDS_FATURAMENTO_HOURLY_MAIN executado
2025-11-17 14:48:00 - root - INFO - ENGDDS_TEXT_INFO_MAIN executado
2025-11-17 14:49:44 - root - INFO - ENGDDS_FATURAMENTO_HOURLY_MAIN executado
2025-11-17 16:09:42 - root - INFO - ENGDDS_TEXT_INFO_MAIN executado
2025-11-17 16:11:33 - root - INFO - ENGDDS_FATURAMENTO_HOURLY_MAIN executado
2025-11-17 17:30:49 - root - INFO - ENGDDS_TEXT_INFO_MAIN executado
2025-11-17 17:32:34 - root - INFO - ENGDDS_FATURAMENTO_HOURLY_MAIN executado
2025-11-18 00:05:02 - root - INFO - ═════════════════════════════════════════════════════════════════════════
2025-11-18 00:05:02 - root - INFO - Início do Processamento :: EXTRACAO DIARIA
2025-11-18 00:08:31 - root - INFO - POSITION_FILES executado
2025-11-18 00:09:47 - root - INFO - ENGGDS_WERKISH_MAIN executado
2025-11-18 00:35:13 - root - INFO - ENGGDS_CUSTOS_MAIN  executado
2025-11-18 00:41:44 - root - INFO - ENGGDS_FATURAMENTO_MAIN executado
2025-11-18 01:03:46 - root - INFO - ENGGDS_BOM_MAIN  executado
2025-11-18 01:11:40 - root - INFO - ENGGDS_COMPRAS_MAIN  executado
2025-11-18 01:26:34 - root - INFO - ENGGDS_ESTOQUE_MAIN executado
2025-11-18 01:26:34 - root - INFO - ENGDDS_COCKPIT_MAIN não executado
2025-11-18 01:26:34 - root - INFO - Final do Processamento :: EXTRACAO DIARIA
2025-11-18 01:26:34 - root - INFO - ═════════════════════════════════════════════════════════════════════════
2025-11-19 00:05:03 - root - INFO - ═════════════════════════════════════════════════════════════════════════
2025-11-19 00:05:03 - root - INFO - Início do Processamento :: EXTRACAO DIARIA
2025-11-19 00:08:34 - root - INFO - POSITION_FILES executado
2025-11-19 00:09:39 - root - INFO - ENGGDS_WERKISH_MAIN executado
2025-11-19 00:34:29 - root - INFO - ENGGDS_CUSTOS_MAIN  executado
2025-11-19 00:40:44 - root - INFO - ENGGDS_FATURAMENTO_MAIN executado
2025-11-19 01:02:50 - root - INFO - ENGGDS_BOM_MAIN  executado
2025-11-19 01:10:07 - root - INFO - ENGGDS_COMPRAS_MAIN  executado
2025-11-19 01:36:58 - root - INFO - ENGGDS_ESTOQUE_MAIN executado
2025-11-19 01:36:58 - root - INFO - ENGDDS_COCKPIT_MAIN não executado
2025-11-19 01:36:58 - root - INFO - Final do Processamento :: EXTRACAO DIARIA
2025-11-19 01:36:58 - root - INFO - ═════════════════════════════════════════════════════════════════════════
2025-11-19 10:05:01 - root - INFO - Agendamento de extrações :: Hourly Update
2025-11-19 10:05:01 - root - INFO - Faturamento Atualizado!
2025-11-19 10:05:01 - root - INFO - Aguardando execução dos próximos jobs...
2025-11-19 10:05:01 - root - INFO - Textos da Ordem de Compra atualizado!
2025-11-19 10:05:01 - root - INFO - Aguardando execução dos próximos jobs...
2025-11-19 11:06:40 - root - INFO - ENGDDS_FATURAMENTO_HOURLY_MAIN executado
2025-11-19 11:17:42 - root - INFO - ENGDDS_TEXT_INFO_MAIN não executado
2025-11-19 12:08:23 - root - INFO - ENGDDS_FATURAMENTO_HOURLY_MAIN executado
2025-11-19 12:38:13 - root - INFO - ENGDDS_TEXT_INFO_MAIN executado
2025-11-19 13:09:56 - root - INFO - ENGDDS_FATURAMENTO_HOURLY_MAIN executado
2025-11-19 13:58:23 - root - INFO - ENGDDS_TEXT_INFO_MAIN executado
2025-11-19 14:11:44 - root - INFO - ENGDDS_FATURAMENTO_HOURLY_MAIN executado
2025-11-19 15:18:58 - root - INFO - ENGDDS_TEXT_INFO_MAIN executado
2025-11-19 15:20:46 - root - INFO - ENGDDS_FATURAMENTO_HOURLY_MAIN executado
2025-11-19 16:19:13 - root - INFO - ENGDDS_TEXT_INFO_MAIN não executado
2025-11-19 16:21:05 - root - ERROR - ENGDDS_FATURAMENTO_HOURLY_MAIN não executado
2025-11-19 17:39:26 - root - INFO - ENGDDS_TEXT_INFO_MAIN executado
2025-11-19 17:41:11 - root - INFO - ENGDDS_FATURAMENTO_HOURLY_MAIN executado
2025-11-19 18:59:41 - root - INFO - ENGDDS_TEXT_INFO_MAIN executado
2025-11-19 19:01:30 - root - INFO - ENGDDS_FATURAMENTO_HOURLY_MAIN executado
2025-11-19 20:20:08 - root - INFO - ENGDDS_TEXT_INFO_MAIN executado
2025-11-20 00:05:09 - root - INFO - ═════════════════════════════════════════════════════════════════════════
2025-11-20 00:05:09 - root - INFO - Início do Processamento :: EXTRACAO DIARIA
2025-11-20 00:05:09 - root - ERROR - POSITION_FILES não executado
2025-11-20 00:06:14 - root - INFO - ENGGDS_WERKISH_MAIN executado
2025-11-20 00:32:01 - root - INFO - ENGGDS_CUSTOS_MAIN  executado
2025-11-20 00:38:10 - root - INFO - ENGGDS_FATURAMENTO_MAIN executado
2025-11-20 00:57:49 - root - INFO - ENGGDS_BOM_MAIN  executado
2025-11-20 01:04:57 - root - INFO - ENGGDS_COMPRAS_MAIN  executado
2025-11-20 01:30:48 - root - INFO - ENGGDS_ESTOQUE_MAIN executado
2025-11-20 01:30:48 - root - INFO - ENGDDS_COCKPIT_MAIN não executado
2025-11-20 01:30:48 - root - INFO - Final do Processamento :: EXTRACAO DIARIA
2025-11-20 01:30:48 - root - INFO - ═════════════════════════════════════════════════════════════════════════
2025-11-20 10:05:00 - root - INFO - Agendamento de extrações :: Hourly Update
2025-11-20 10:05:00 - root - INFO - Faturamento Atualizado!
2025-11-20 10:05:00 - root - INFO - Aguardando execução dos próximos jobs...
2025-11-20 10:05:00 - root - INFO - Textos da Ordem de Compra atualizado!
2025-11-20 10:05:00 - root - INFO - Aguardando execução dos próximos jobs...
2025-11-20 11:06:36 - root - INFO - ENGDDS_FATURAMENTO_HOURLY_MAIN executado
2025-11-20 11:26:59 - root - INFO - ENGDDS_TEXT_INFO_MAIN executado
2025-11-20 12:08:15 - root - INFO - ENGDDS_FATURAMENTO_HOURLY_MAIN executado
2025-11-20 12:47:25 - root - INFO - ENGDDS_TEXT_INFO_MAIN executado
2025-11-20 13:09:48 - root - INFO - ENGDDS_FATURAMENTO_HOURLY_MAIN executado
2025-11-20 14:08:37 - root - INFO - ENGDDS_TEXT_INFO_MAIN executado
2025-11-20 14:11:37 - root - INFO - ENGDDS_FATURAMENTO_HOURLY_MAIN executado
2025-11-20 15:29:42 - root - INFO - ENGDDS_TEXT_INFO_MAIN executado
2025-11-20 15:31:31 - root - INFO - ENGDDS_FATURAMENTO_HOURLY_MAIN executado
2025-11-20 16:50:47 - root - INFO - ENGDDS_TEXT_INFO_MAIN executado
2025-11-20 16:52:39 - root - INFO - ENGDDS_FATURAMENTO_HOURLY_MAIN executado
2025-11-20 18:11:52 - root - INFO - ENGDDS_TEXT_INFO_MAIN executado
2025-11-20 18:13:42 - root - INFO - ENGDDS_FATURAMENTO_HOURLY_MAIN executado
2025-11-20 19:32:54 - root - INFO - ENGDDS_TEXT_INFO_MAIN executado
2025-11-20 19:34:43 - root - INFO - ENGDDS_FATURAMENTO_HOURLY_MAIN executado
2025-11-21 00:05:05 - root - INFO - ═════════════════════════════════════════════════════════════════════════
2025-11-21 00:05:05 - root - INFO - Início do Processamento :: EXTRACAO DIARIA
2025-11-21 00:05:05 - root - ERROR - POSITION_FILES não executado
2025-11-21 00:06:12 - root - INFO - ENGGDS_WERKISH_MAIN executado
2025-11-21 00:31:19 - root - INFO - ENGGDS_CUSTOS_MAIN  executado
2025-11-21 00:38:02 - root - INFO - ENGGDS_FATURAMENTO_MAIN executado
2025-11-21 00:59:52 - root - INFO - ENGGDS_BOM_MAIN  executado
2025-11-21 01:07:35 - root - INFO - ENGGDS_COMPRAS_MAIN  executado
2025-11-21 01:34:25 - root - INFO - ENGGDS_ESTOQUE_MAIN executado
2025-11-21 01:34:25 - root - INFO - ENGDDS_COCKPIT_MAIN não executado
2025-11-21 01:34:25 - root - INFO - Final do Processamento :: EXTRACAO DIARIA
2025-11-21 01:34:25 - root - INFO - ═════════════════════════════════════════════════════════════════════════
2025-11-21 10:05:02 - root - INFO - Agendamento de extrações :: Hourly Update
2025-11-21 10:05:02 - root - INFO - Faturamento Atualizado!
2025-11-21 10:05:02 - root - INFO - Aguardando execução dos próximos jobs...
2025-11-21 10:05:02 - root - INFO - Textos da Ordem de Compra atualizado!
2025-11-21 10:05:02 - root - INFO - Aguardando execução dos próximos jobs...
2025-11-21 10:05:02 - root - INFO - Executado!
2025-11-21 10:10:02 - root - INFO - Agendamento de extrações :: Hourly Update
2025-11-21 10:10:02 - root - INFO - Executado!
2025-11-21 10:18:22 - root - INFO - POSITION_FILES executado
2025-11-21 10:23:23 - root - ERROR - POSITION_FILES não executado
2025-11-21 10:28:23 - root - ERROR - POSITION_FILES não executado
2025-11-21 10:33:23 - root - ERROR - POSITION_FILES não executado
2025-11-21 10:38:23 - root - ERROR - POSITION_FILES não executado
2025-11-21 10:43:24 - root - ERROR - POSITION_FILES não executado
2025-11-21 10:50:07 - root - INFO - Agendamento de extrações :: Hourly Update
2025-11-21 10:50:07 - root - INFO - Executado!
2025-11-21 10:58:26 - root - INFO - POSITION_FILES executado
2025-11-21 11:03:26 - root - ERROR - POSITION_FILES não executado
2025-11-21 11:08:26 - root - ERROR - POSITION_FILES não executado
2025-11-21 11:13:26 - root - ERROR - POSITION_FILES não executado
2025-11-21 11:18:27 - root - ERROR - POSITION_FILES não executado
2025-11-21 11:23:27 - root - ERROR - POSITION_FILES não executado
2025-11-21 11:28:27 - root - ERROR - POSITION_FILES não executado
2025-11-21 11:35:02 - root - INFO - Agendamento de extrações :: Hourly Update
2025-11-21 11:35:02 - root - INFO - Executado!
2025-11-21 11:43:16 - root - INFO - POSITION_FILES executado
2025-11-21 11:51:27 - root - INFO - POSITION_FILES executado
2025-11-21 11:59:44 - root - INFO - POSITION_FILES executado
2025-11-22 00:05:08 - root - INFO - ═════════════════════════════════════════════════════════════════════════
2025-11-22 00:05:08 - root - INFO - Início do Processamento :: EXTRACAO DIARIA
2025-11-22 00:08:38 - root - INFO - POSITION_FILES executado
2025-11-22 00:11:33 - root - INFO - ENGGDS_SKU_MAIN executado
2025-11-22 00:12:39 - root - INFO - ENGGDS_WERKISH_MAIN executado
2025-11-22 00:37:42 - root - INFO - ENGGDS_CUSTOS_MAIN  executado
2025-11-22 00:45:27 - root - INFO - ENGGDS_FATURAMENTO_MAIN executado
2025-11-22 01:08:32 - root - INFO - ENGGDS_BOM_MAIN  executado
2025-11-22 01:16:04 - root - INFO - ENGGDS_COMPRAS_MAIN  executado
2025-11-22 02:22:47 - root - INFO - ENGGDS_ESTOQUE_MAIN executado
2025-11-22 02:22:47 - root - INFO - ENGDDS_COCKPIT_MAIN não executado
2025-11-22 02:22:48 - root - INFO - Final do Processamento :: EXTRACAO DIARIA
2025-11-22 02:22:48 - root - INFO - ═════════════════════════════════════════════════════════════════════════
2025-11-22 07:00:00 - root - INFO - Agendamento de extrações :: Hourly Update
2025-11-22 07:00:00 - root - INFO - Faturamento Atualizado!
2025-11-22 07:00:00 - root - INFO - Aguardando execução dos próximos jobs...
2025-11-22 07:00:00 - root - INFO - Textos da Ordem de Compra atualizado!
2025-11-22 07:00:00 - root - INFO - Aguardando execução dos próximos jobs...
2025-11-22 08:01:29 - root - INFO - ENGDDS_FATURAMENTO_HOURLY_MAIN executado
2025-11-22 08:23:26 - root - INFO - ENGDDS_TEXT_INFO_MAIN executado
2025-11-22 09:03:03 - root - INFO - ENGDDS_FATURAMENTO_HOURLY_MAIN executado
2025-11-22 09:45:31 - root - INFO - ENGDDS_TEXT_INFO_MAIN executado
2025-11-22 10:04:40 - root - INFO - ENGDDS_FATURAMENTO_HOURLY_MAIN executado
2025-11-22 11:07:30 - root - INFO - ENGDDS_TEXT_INFO_MAIN executado
2025-11-22 11:09:08 - root - INFO - ENGDDS_FATURAMENTO_HOURLY_MAIN executado
2025-11-22 12:29:51 - root - INFO - ENGDDS_TEXT_INFO_MAIN executado
2025-11-22 12:31:32 - root - INFO - ENGDDS_FATURAMENTO_HOURLY_MAIN executado
2025-11-22 13:51:49 - root - INFO - ENGDDS_TEXT_INFO_MAIN executado
2025-11-22 13:53:24 - root - INFO - ENGDDS_FATURAMENTO_HOURLY_MAIN executado
2025-11-22 15:13:55 - root - INFO - ENGDDS_TEXT_INFO_MAIN executado
2025-11-22 15:15:32 - root - INFO - ENGDDS_FATURAMENTO_HOURLY_MAIN executado
2025-11-22 16:36:11 - root - INFO - ENGDDS_TEXT_INFO_MAIN executado
2025-11-22 16:37:48 - root - INFO - ENGDDS_FATURAMENTO_HOURLY_MAIN executado
2025-11-22 17:58:19 - root - INFO - ENGDDS_TEXT_INFO_MAIN executado
2025-11-22 17:59:57 - root - INFO - ENGDDS_FATURAMENTO_HOURLY_MAIN executado
2025-11-22 19:20:19 - root - INFO - ENGDDS_TEXT_INFO_MAIN executado
2025-11-22 19:21:55 - root - INFO - ENGDDS_FATURAMENTO_HOURLY_MAIN executado
2025-11-23 00:05:08 - root - INFO - ═════════════════════════════════════════════════════════════════════════
2025-11-23 00:05:08 - root - INFO - Início do Processamento :: EXTRACAO DIARIA
2025-11-23 00:08:38 - root - INFO - POSITION_FILES executado
2025-11-23 00:11:29 - root - INFO - ENGGDS_SKU_MAIN executado
2025-11-23 00:12:35 - root - INFO - ENGGDS_WERKISH_MAIN executado
2025-11-23 00:37:30 - root - INFO - ENGGDS_CUSTOS_MAIN  executado
2025-11-23 00:44:00 - root - INFO - ENGGDS_FATURAMENTO_MAIN executado
2025-11-23 01:04:37 - root - INFO - ENGGDS_BOM_MAIN  executado
2025-11-23 01:12:02 - root - INFO - ENGGDS_COMPRAS_MAIN  executado
2025-11-23 03:14:25 - root - INFO - ENGGDS_ESTOQUE_MAIN executado
2025-11-23 03:14:25 - root - INFO - ENGDDS_COCKPIT_MAIN não executado
2025-11-23 03:14:26 - root - INFO - Final do Processamento :: EXTRACAO DIARIA
2025-11-23 03:14:26 - root - INFO - ═════════════════════════════════════════════════════════════════════════
2025-11-23 07:00:06 - root - INFO - Agendamento de extrações :: Hourly Update
2025-11-23 07:00:06 - root - INFO - Faturamento Atualizado!
2025-11-23 07:00:06 - root - INFO - Aguardando execução dos próximos jobs...
2025-11-23 07:00:06 - root - INFO - Textos da Ordem de Compra atualizado!
2025-11-23 07:00:06 - root - INFO - Aguardando execução dos próximos jobs...
2025-11-23 08:01:28 - root - INFO - ENGDDS_FATURAMENTO_HOURLY_MAIN executado
2025-11-23 08:23:43 - root - INFO - ENGDDS_TEXT_INFO_MAIN executado
2025-11-23 09:02:54 - root - INFO - ENGDDS_FATURAMENTO_HOURLY_MAIN executado
2025-11-23 09:45:38 - root - INFO - ENGDDS_TEXT_INFO_MAIN executado
2025-11-23 10:04:21 - root - INFO - ENGDDS_FATURAMENTO_HOURLY_MAIN executado
2025-11-23 11:07:41 - root - INFO - ENGDDS_TEXT_INFO_MAIN executado
2025-11-23 11:09:10 - root - INFO - ENGDDS_FATURAMENTO_HOURLY_MAIN executado
2025-11-23 12:29:51 - root - INFO - ENGDDS_TEXT_INFO_MAIN executado
2025-11-23 12:31:21 - root - INFO - ENGDDS_FATURAMENTO_HOURLY_MAIN executado
2025-11-23 13:51:40 - root - INFO - ENGDDS_TEXT_INFO_MAIN executado
2025-11-23 13:53:08 - root - INFO - ENGDDS_FATURAMENTO_HOURLY_MAIN executado
2025-11-23 15:13:35 - root - INFO - ENGDDS_TEXT_INFO_MAIN executado
2025-11-23 15:15:10 - root - INFO - ENGDDS_FATURAMENTO_HOURLY_MAIN executado
2025-11-23 16:35:29 - root - INFO - ENGDDS_TEXT_INFO_MAIN executado
2025-11-23 16:36:56 - root - INFO - ENGDDS_FATURAMENTO_HOURLY_MAIN executado
2025-11-23 17:57:26 - root - INFO - ENGDDS_TEXT_INFO_MAIN executado
2025-11-23 17:58:55 - root - INFO - ENGDDS_FATURAMENTO_HOURLY_MAIN executado
2025-11-23 19:19:21 - root - INFO - ENGDDS_TEXT_INFO_MAIN executado
2025-11-23 19:20:50 - root - INFO - ENGDDS_FATURAMENTO_HOURLY_MAIN executado
2025-11-24 00:05:04 - root - INFO - ═════════════════════════════════════════════════════════════════════════
2025-11-24 00:05:04 - root - INFO - Início do Processamento :: EXTRACAO DIARIA
2025-11-24 00:08:36 - root - INFO - POSITION_FILES executado
2025-11-24 00:11:27 - root - INFO - ENGGDS_SKU_MAIN executado
2025-11-24 00:12:33 - root - INFO - ENGGDS_WERKISH_MAIN executado
2025-11-24 00:37:37 - root - INFO - ENGGDS_CUSTOS_MAIN  executado
2025-11-24 00:44:31 - root - INFO - ENGGDS_FATURAMENTO_MAIN executado
2025-11-24 01:05:41 - root - INFO - ENGGDS_BOM_MAIN  executado
2025-11-24 01:13:15 - root - INFO - ENGGDS_COMPRAS_MAIN  executado
2025-11-24 02:19:58 - root - INFO - ENGGDS_ESTOQUE_MAIN executado
2025-11-24 02:19:58 - root - INFO - ENGDDS_COCKPIT_MAIN não executado
2025-11-24 02:19:58 - root - INFO - Final do Processamento :: EXTRACAO DIARIA
2025-11-24 02:19:58 - root - INFO - ═════════════════════════════════════════════════════════════════════════
2025-11-24 07:00:01 - root - INFO - Agendamento de extrações :: Hourly Update
2025-11-24 07:00:01 - root - INFO - Faturamento Atualizado!
2025-11-24 07:00:01 - root - INFO - Aguardando execução dos próximos jobs...
2025-11-24 07:00:01 - root - INFO - Textos da Ordem de Compra atualizado!
2025-11-24 07:00:01 - root - INFO - Aguardando execução dos próximos jobs...
2025-11-24 08:01:20 - root - INFO - ENGDDS_FATURAMENTO_HOURLY_MAIN executado
2025-11-24 08:23:34 - root - INFO - ENGDDS_TEXT_INFO_MAIN executado
2025-11-24 09:02:43 - root - INFO - ENGDDS_FATURAMENTO_HOURLY_MAIN executado
2025-11-24 09:45:13 - root - INFO - ENGDDS_TEXT_INFO_MAIN executado
2025-11-24 10:03:58 - root - INFO - ENGDDS_FATURAMENTO_HOURLY_MAIN executado
2025-11-24 11:07:05 - root - INFO - ENGDDS_TEXT_INFO_MAIN executado
2025-11-24 11:08:06 - urllib3.connectionpool - WARNING - Retrying (Retry(total=4, connect=None, read=None, redirect=None, status=None)) after connection broken by 'ConnectionResetError(10054, 'Foi forçado o cancelamento de uma conexão existente pelo host remoto', None, 10054, None)': /tmp/ZSD_PIVB_E600_HOURLY.XLSX
2025-11-24 11:08:27 - urllib3.connectionpool - WARNING - Retrying (Retry(total=3, connect=None, read=None, redirect=None, status=None)) after connection broken by 'ConnectTimeoutError(<urllib3.connection.HTTPConnection object at 0x000001680610DD50>, 'Connection to 10.91.5.107 timed out. (connect timeout=300)')': /tmp/ZSD_PIVB_E600_HOURLY.XLSX
2025-11-24 11:09:33 - urllib3.connectionpool - WARNING - Retrying (Retry(total=4, connect=None, read=None, redirect=None, status=None)) after connection broken by 'ConnectionResetError(10054, 'Foi forçado o cancelamento de uma conexão existente pelo host remoto', None, 10054, None)': /tmp/ZSD_PIVB_E890_HOURLY.XLSX
2025-11-24 11:10:07 - urllib3.connectionpool - WARNING - Retrying (Retry(total=4, connect=None, read=None, redirect=None, status=None)) after connection broken by 'RemoteDisconnected('Remote end closed connection without response')': /tmp/ZSD_PIVB_E900_HOURLY.XLSX
2025-11-24 11:10:28 - urllib3.connectionpool - WARNING - Retrying (Retry(total=3, connect=None, read=None, redirect=None, status=None)) after connection broken by 'ConnectTimeoutError(<urllib3.connection.HTTPConnection object at 0x000001680610E320>, 'Connection to 10.91.5.107 timed out. (connect timeout=300)')': /tmp/ZSD_PIVB_E900_HOURLY.XLSX
2025-11-24 11:10:34 - root - INFO - ENGDDS_FATURAMENTO_HOURLY_MAIN executado
2025-11-24 12:11:33 - root - INFO - ENGDDS_TEXT_INFO_MAIN não executado
2025-11-24 12:11:57 - root - ERROR - ENGDDS_FATURAMENTO_HOURLY_MAIN não executado
2025-11-24 13:35:52 - urllib3.connectionpool - WARNING - Retrying (Retry(total=4, connect=None, read=None, redirect=None, status=None)) after connection broken by 'ConnectTimeoutError(<urllib3.connection.HTTPConnection object at 0x000001680610F8B0>, 'Connection to 10.91.5.107 timed out. (connect timeout=300)')': /tmp?location=
2025-11-24 13:36:13 - urllib3.connectionpool - WARNING - Retrying (Retry(total=3, connect=None, read=None, redirect=None, status=None)) after connection broken by 'ConnectTimeoutError(<urllib3.connection.HTTPConnection object at 0x000001680610FE80>, 'Connection to 10.91.5.107 timed out. (connect timeout=300)')': /tmp?location=
2025-11-24 13:36:35 - urllib3.connectionpool - WARNING - Retrying (Retry(total=2, connect=None, read=None, redirect=None, status=None)) after connection broken by 'ConnectTimeoutError(<urllib3.connection.HTTPConnection object at 0x000001680610F610>, 'Connection to 10.91.5.107 timed out. (connect timeout=300)')': /tmp?location=
2025-11-24 13:36:58 - urllib3.connectionpool - WARNING - Retrying (Retry(total=1, connect=None, read=None, redirect=None, status=None)) after connection broken by 'ConnectTimeoutError(<urllib3.connection.HTTPConnection object at 0x00000168062C7910>, 'Connection to 10.91.5.107 timed out. (connect timeout=300)')': /tmp?location=
2025-11-24 13:37:22 - urllib3.connectionpool - WARNING - Retrying (Retry(total=0, connect=None, read=None, redirect=None, status=None)) after connection broken by 'ConnectTimeoutError(<urllib3.connection.HTTPConnection object at 0x00000168062C7760>, 'Connection to 10.91.5.107 timed out. (connect timeout=300)')': /tmp?location=
2025-11-24 13:37:43 - root - INFO - ENGDDS_TEXT_INFO_MAIN executado
2025-11-24 13:38:54 - urllib3.connectionpool - WARNING - Retrying (Retry(total=4, connect=None, read=None, redirect=None, status=None)) after connection broken by 'ConnectTimeoutError(<urllib3.connection.HTTPConnection object at 0x000001680610EB30>, 'Connection to 10.91.5.107 timed out. (connect timeout=300)')': /tmp?location=
2025-11-24 13:39:15 - urllib3.connectionpool - WARNING - Retrying (Retry(total=3, connect=None, read=None, redirect=None, status=None)) after connection broken by 'ConnectTimeoutError(<urllib3.connection.HTTPConnection object at 0x000001680610D0F0>, 'Connection to 10.91.5.107 timed out. (connect timeout=300)')': /tmp?location=
2025-11-24 13:39:37 - urllib3.connectionpool - WARNING - Retrying (Retry(total=2, connect=None, read=None, redirect=None, status=None)) after connection broken by 'ConnectTimeoutError(<urllib3.connection.HTTPConnection object at 0x000001680610CBB0>, 'Connection to 10.91.5.107 timed out. (connect timeout=300)')': /tmp?location=
2025-11-24 13:40:00 - urllib3.connectionpool - WARNING - Retrying (Retry(total=1, connect=None, read=None, redirect=None, status=None)) after connection broken by 'ConnectTimeoutError(<urllib3.connection.HTTPConnection object at 0x000001680610EA40>, 'Connection to 10.91.5.107 timed out. (connect timeout=300)')': /tmp?location=
2025-11-24 13:40:24 - urllib3.connectionpool - WARNING - Retrying (Retry(total=0, connect=None, read=None, redirect=None, status=None)) after connection broken by 'ConnectTimeoutError(<urllib3.connection.HTTPConnection object at 0x000001680610F0D0>, 'Connection to 10.91.5.107 timed out. (connect timeout=300)')': /tmp?location=
2025-11-24 13:41:27 - urllib3.connectionpool - WARNING - Retrying (Retry(total=4, connect=None, read=None, redirect=None, status=None)) after connection broken by 'ConnectTimeoutError(<urllib3.connection.HTTPConnection object at 0x000001680610EDD0>, 'Connection to 10.91.5.107 timed out. (connect timeout=300)')': /tmp?location=
2025-11-24 13:41:48 - urllib3.connectionpool - WARNING - Retrying (Retry(total=3, connect=None, read=None, redirect=None, status=None)) after connection broken by 'ConnectTimeoutError(<urllib3.connection.HTTPConnection object at 0x0000016805AC0220>, 'Connection to 10.91.5.107 timed out. (connect timeout=300)')': /tmp?location=
2025-11-24 13:42:21 - root - INFO - ENGDDS_FATURAMENTO_HOURLY_MAIN executado
2025-11-24 14:59:51 - root - INFO - ENGDDS_TEXT_INFO_MAIN executado
2025-11-24 15:01:24 - root - INFO - ENGDDS_FATURAMENTO_HOURLY_MAIN executado
2025-11-25 00:05:09 - root - INFO - ═════════════════════════════════════════════════════════════════════════
2025-11-25 00:05:09 - root - INFO - Início do Processamento :: EXTRACAO DIARIA
2025-11-25 00:08:40 - root - INFO - POSITION_FILES executado
2025-11-25 00:11:26 - root - INFO - ENGGDS_SKU_MAIN executado
2025-11-25 00:12:29 - root - INFO - ENGGDS_WERKISH_MAIN executado
2025-11-25 00:37:20 - root - INFO - ENGGDS_CUSTOS_MAIN  executado
2025-11-25 00:43:29 - root - INFO - ENGGDS_FATURAMENTO_MAIN executado
2025-11-25 01:04:15 - root - INFO - ENGGDS_BOM_MAIN  executado
2025-11-25 01:11:29 - root - INFO - ENGGDS_COMPRAS_MAIN  executado
2025-11-25 02:15:31 - root - INFO - ENGGDS_ESTOQUE_MAIN executado
2025-11-25 02:15:31 - root - INFO - ENGDDS_COCKPIT_MAIN não executado
2025-11-25 02:15:31 - root - INFO - Final do Processamento :: EXTRACAO DIARIA
2025-11-25 02:15:31 - root - INFO - ═════════════════════════════════════════════════════════════════════════
2025-11-25 07:00:04 - root - INFO - Agendamento de extrações :: Hourly Update
2025-11-25 07:00:04 - root - INFO - Faturamento Atualizado!
2025-11-25 07:00:04 - root - INFO - Aguardando execução dos próximos jobs...
2025-11-25 07:00:04 - root - INFO - Textos da Ordem de Compra atualizado!
2025-11-25 07:00:04 - root - INFO - Aguardando execução dos próximos jobs...
2025-11-25 08:01:23 - root - INFO - ENGDDS_FATURAMENTO_HOURLY_MAIN executado
2025-11-25 08:23:11 - root - INFO - ENGDDS_TEXT_INFO_MAIN executado
2025-11-25 09:03:07 - root - INFO - ENGDDS_FATURAMENTO_HOURLY_MAIN executado
2025-11-25 09:45:08 - root - INFO - ENGDDS_TEXT_INFO_MAIN executado
2025-11-25 10:04:37 - root - INFO - ENGDDS_FATURAMENTO_HOURLY_MAIN executado
2025-11-25 11:07:29 - root - INFO - ENGDDS_TEXT_INFO_MAIN executado
2025-11-25 11:09:00 - root - INFO - ENGDDS_FATURAMENTO_HOURLY_MAIN executado
